0 info it worked if it ends with ok
1 verbose cli [ 'C:\\Program Files\\nodejs\\node.exe',
1 verbose cli   'C:\\Program Files\\nodejs\\node_modules\\npm\\bin\\npm-cli.js',
1 verbose cli   'install',
1 verbose cli   '-g',
1 verbose cli   'bcrypt' ]
2 info using npm@3.3.12
3 info using node@v5.5.0
4 silly loadCurrentTree Starting
5 silly install loadCurrentTree
6 silly install readGlobalPackageData
7 silly fetchPackageMetaData bcrypt
8 silly fetchNamedPackageData bcrypt
9 silly mapToRegistry name bcrypt
10 silly mapToRegistry using default registry
11 silly mapToRegistry registry https://registry.npmjs.org/
12 silly mapToRegistry uri https://registry.npmjs.org/bcrypt
13 verbose request uri https://registry.npmjs.org/bcrypt
14 verbose request no auth needed
15 info attempt registry request try #1 at 3:33:32 PM
16 verbose request id d98bdbfc5c5b7531
17 http request GET https://registry.npmjs.org/bcrypt
18 http 200 https://registry.npmjs.org/bcrypt
19 verbose headers { server: 'CouchDB/1.5.0 (Erlang OTP/R16B03)',
19 verbose headers   etag: '"56NXO7UGTRL3XLA2QV0ZTHWBP"',
19 verbose headers   'content-type': 'application/json',
19 verbose headers   'cache-control': 'max-age=300',
19 verbose headers   'content-length': '74757',
19 verbose headers   'accept-ranges': 'bytes',
19 verbose headers   date: 'Fri, 11 Mar 2016 21:33:35 GMT',
19 verbose headers   via: '1.1 varnish',
19 verbose headers   age: '148',
19 verbose headers   connection: 'keep-alive',
19 verbose headers   'x-served-by': 'cache-dfw1826-DFW',
19 verbose headers   'x-cache': 'HIT',
19 verbose headers   'x-cache-hits': '1',
19 verbose headers   'x-timer': 'S1457732015.878996,VS0,VE0',
19 verbose headers   vary: 'Accept' }
20 silly get cb [ 200,
20 silly get   { server: 'CouchDB/1.5.0 (Erlang OTP/R16B03)',
20 silly get     etag: '"56NXO7UGTRL3XLA2QV0ZTHWBP"',
20 silly get     'content-type': 'application/json',
20 silly get     'cache-control': 'max-age=300',
20 silly get     'content-length': '74757',
20 silly get     'accept-ranges': 'bytes',
20 silly get     date: 'Fri, 11 Mar 2016 21:33:35 GMT',
20 silly get     via: '1.1 varnish',
20 silly get     age: '148',
20 silly get     connection: 'keep-alive',
20 silly get     'x-served-by': 'cache-dfw1826-DFW',
20 silly get     'x-cache': 'HIT',
20 silly get     'x-cache-hits': '1',
20 silly get     'x-timer': 'S1457732015.878996,VS0,VE0',
20 silly get     vary: 'Accept' } ]
21 verbose get saving bcrypt to C:\Users\meets\AppData\Roaming\npm-cache\registry.npmjs.org\bcrypt\.cache.json
22 silly install normalizeTree
23 silly loadCurrentTree Finishing
24 silly loadIdealTree Starting
25 silly install loadIdealTree
26 silly cloneCurrentTree Starting
27 silly install cloneCurrentTreeToIdealTree
28 silly cloneCurrentTree Finishing
29 silly loadShrinkwrap Starting
30 silly install loadShrinkwrap
31 silly loadShrinkwrap Finishing
32 silly loadAllDepsIntoIdealTree Starting
33 silly install loadAllDepsIntoIdealTree
34 silly resolveWithNewModule bcrypt@0.8.5 checking installable status
35 silly cache add args [ 'bcrypt', null ]
36 verbose cache add spec bcrypt
37 silly cache add parsed spec Result {
37 silly cache add   raw: 'bcrypt',
37 silly cache add   scope: null,
37 silly cache add   name: 'bcrypt',
37 silly cache add   rawSpec: '',
37 silly cache add   spec: '*',
37 silly cache add   type: 'range' }
38 silly addNamed bcrypt@*
39 verbose addNamed "*" is a valid semver range for bcrypt
40 silly addNameRange { name: 'bcrypt', range: '*', hasData: false }
41 silly mapToRegistry name bcrypt
42 silly mapToRegistry using default registry
43 silly mapToRegistry registry https://registry.npmjs.org/
44 silly mapToRegistry uri https://registry.npmjs.org/bcrypt
45 verbose addNameRange registry:https://registry.npmjs.org/bcrypt not in flight; fetching
46 verbose get https://registry.npmjs.org/bcrypt not expired, no request
47 silly addNameRange number 2 { name: 'bcrypt', range: '*', hasData: true }
48 silly addNameRange versions [ 'bcrypt',
48 silly addNameRange   [ '0.1.2',
48 silly addNameRange     '0.2.0',
48 silly addNameRange     '0.2.1',
48 silly addNameRange     '0.1.3',
48 silly addNameRange     '0.2.2',
48 silly addNameRange     '0.2.3',
48 silly addNameRange     '0.2.4',
48 silly addNameRange     '0.3.0',
48 silly addNameRange     '0.3.1',
48 silly addNameRange     '0.3.2',
48 silly addNameRange     '0.4.0',
48 silly addNameRange     '0.4.1',
48 silly addNameRange     '0.5.0',
48 silly addNameRange     '0.6.0',
48 silly addNameRange     '0.7.0',
48 silly addNameRange     '0.7.1',
48 silly addNameRange     '0.7.2',
48 silly addNameRange     '0.7.3',
48 silly addNameRange     '0.7.4',
48 silly addNameRange     '0.7.5',
48 silly addNameRange     '0.7.6',
48 silly addNameRange     '0.7.7',
48 silly addNameRange     '0.7.8',
48 silly addNameRange     '0.8.0',
48 silly addNameRange     '0.8.1',
48 silly addNameRange     '0.8.2',
48 silly addNameRange     '0.8.3',
48 silly addNameRange     '0.8.4',
48 silly addNameRange     '0.8.5' ] ]
49 silly addNamed bcrypt@0.8.5
50 verbose addNamed "0.8.5" is a plain semver version for bcrypt
51 silly mapToRegistry name bcrypt
52 silly mapToRegistry using default registry
53 silly mapToRegistry registry https://registry.npmjs.org/
54 silly mapToRegistry uri https://registry.npmjs.org/bcrypt
55 verbose addRemoteTarball https://registry.npmjs.org/bcrypt/-/bcrypt-0.8.5.tgz not in flight; adding
56 verbose addRemoteTarball [ 'https://registry.npmjs.org/bcrypt/-/bcrypt-0.8.5.tgz',
56 verbose addRemoteTarball   '8e5b81b4db80e944f440005979ca8d58a961861d' ]
57 info retry fetch attempt 1 at 3:33:35 PM
58 info attempt registry request try #1 at 3:33:35 PM
59 http fetch GET https://registry.npmjs.org/bcrypt/-/bcrypt-0.8.5.tgz
60 http fetch 200 https://registry.npmjs.org/bcrypt/-/bcrypt-0.8.5.tgz
61 silly fetchAndShaCheck shasum 8e5b81b4db80e944f440005979ca8d58a961861d
62 verbose addTmpTarball C:\Users\meets\AppData\Local\Temp\npm-8968-a39423a9\registry.npmjs.org\bcrypt\-\bcrypt-0.8.5.tgz not in flight; adding
63 verbose addTmpTarball already have metadata; skipping unpack for bcrypt@0.8.5
64 silly cache afterAdd bcrypt@0.8.5
65 verbose afterAdd C:\Users\meets\AppData\Roaming\npm-cache\bcrypt\0.8.5\package\package.json not in flight; writing
66 verbose afterAdd C:\Users\meets\AppData\Roaming\npm-cache\bcrypt\0.8.5\package\package.json written
67 silly fetchNamedPackageData bindings
68 silly mapToRegistry name bindings
69 silly mapToRegistry using default registry
70 silly mapToRegistry registry https://registry.npmjs.org/
71 silly mapToRegistry uri https://registry.npmjs.org/bindings
72 silly fetchNamedPackageData nan
73 silly mapToRegistry name nan
74 silly mapToRegistry using default registry
75 silly mapToRegistry registry https://registry.npmjs.org/
76 silly mapToRegistry uri https://registry.npmjs.org/nan
77 verbose request uri https://registry.npmjs.org/bindings
78 verbose request no auth needed
79 info attempt registry request try #1 at 3:33:38 PM
80 http request GET https://registry.npmjs.org/bindings
81 verbose request uri https://registry.npmjs.org/nan
82 verbose request no auth needed
83 info attempt registry request try #1 at 3:33:38 PM
84 verbose etag "BAVERG4EG5W3XHF012VJBMBOB"
85 http request GET https://registry.npmjs.org/nan
86 http 200 https://registry.npmjs.org/bindings
87 verbose headers { server: 'CouchDB/1.5.0 (Erlang OTP/R16B03)',
87 verbose headers   etag: '"1LLBF9OH58DLBEL4629U6032D"',
87 verbose headers   'content-type': 'application/json',
87 verbose headers   'cache-control': 'max-age=300',
87 verbose headers   'content-length': '18066',
87 verbose headers   'accept-ranges': 'bytes',
87 verbose headers   date: 'Fri, 11 Mar 2016 21:33:40 GMT',
87 verbose headers   via: '1.1 varnish',
87 verbose headers   age: '170',
87 verbose headers   connection: 'keep-alive',
87 verbose headers   'x-served-by': 'cache-dfw1823-DFW',
87 verbose headers   'x-cache': 'HIT',
87 verbose headers   'x-cache-hits': '3',
87 verbose headers   'x-timer': 'S1457732020.490558,VS0,VE0',
87 verbose headers   vary: 'Accept' }
88 silly get cb [ 200,
88 silly get   { server: 'CouchDB/1.5.0 (Erlang OTP/R16B03)',
88 silly get     etag: '"1LLBF9OH58DLBEL4629U6032D"',
88 silly get     'content-type': 'application/json',
88 silly get     'cache-control': 'max-age=300',
88 silly get     'content-length': '18066',
88 silly get     'accept-ranges': 'bytes',
88 silly get     date: 'Fri, 11 Mar 2016 21:33:40 GMT',
88 silly get     via: '1.1 varnish',
88 silly get     age: '170',
88 silly get     connection: 'keep-alive',
88 silly get     'x-served-by': 'cache-dfw1823-DFW',
88 silly get     'x-cache': 'HIT',
88 silly get     'x-cache-hits': '3',
88 silly get     'x-timer': 'S1457732020.490558,VS0,VE0',
88 silly get     vary: 'Accept' } ]
89 verbose get saving bindings to C:\Users\meets\AppData\Roaming\npm-cache\registry.npmjs.org\bindings\.cache.json
90 silly resolveWithNewModule bindings@1.2.1 checking installable status
91 silly cache add args [ 'bindings@1.2.1', null ]
92 verbose cache add spec bindings@1.2.1
93 silly cache add parsed spec Result {
93 silly cache add   raw: 'bindings@1.2.1',
93 silly cache add   scope: null,
93 silly cache add   name: 'bindings',
93 silly cache add   rawSpec: '1.2.1',
93 silly cache add   spec: '1.2.1',
93 silly cache add   type: 'version' }
94 silly addNamed bindings@1.2.1
95 verbose addNamed "1.2.1" is a plain semver version for bindings
96 silly mapToRegistry name bindings
97 silly mapToRegistry using default registry
98 silly mapToRegistry registry https://registry.npmjs.org/
99 silly mapToRegistry uri https://registry.npmjs.org/bindings
100 verbose addNameVersion registry:https://registry.npmjs.org/bindings not in flight; fetching
101 verbose get https://registry.npmjs.org/bindings not expired, no request
102 silly mapToRegistry name bindings
103 silly mapToRegistry using default registry
104 silly mapToRegistry registry https://registry.npmjs.org/
105 silly mapToRegistry uri https://registry.npmjs.org/bindings
106 verbose addRemoteTarball https://registry.npmjs.org/bindings/-/bindings-1.2.1.tgz not in flight; adding
107 verbose addRemoteTarball [ 'https://registry.npmjs.org/bindings/-/bindings-1.2.1.tgz',
107 verbose addRemoteTarball   '14ad6113812d2d37d72e67b4cacb4bb726505f11' ]
108 info retry fetch attempt 1 at 3:33:40 PM
109 info attempt registry request try #1 at 3:33:40 PM
110 http fetch GET https://registry.npmjs.org/bindings/-/bindings-1.2.1.tgz
111 http fetch 200 https://registry.npmjs.org/bindings/-/bindings-1.2.1.tgz
112 silly fetchAndShaCheck shasum 14ad6113812d2d37d72e67b4cacb4bb726505f11
113 verbose addTmpTarball C:\Users\meets\AppData\Local\Temp\npm-8968-a39423a9\registry.npmjs.org\bindings\-\bindings-1.2.1.tgz not in flight; adding
114 verbose addTmpTarball already have metadata; skipping unpack for bindings@1.2.1
115 silly cache afterAdd bindings@1.2.1
116 verbose afterAdd C:\Users\meets\AppData\Roaming\npm-cache\bindings\1.2.1\package\package.json not in flight; writing
117 verbose afterAdd C:\Users\meets\AppData\Roaming\npm-cache\bindings\1.2.1\package\package.json written
118 http 200 https://registry.npmjs.org/nan
119 verbose headers { server: 'CouchDB/1.5.0 (Erlang OTP/R16B03)',
119 verbose headers   etag: '"9GNMF0K57Y4H80QS1L4U9QND9"',
119 verbose headers   'content-type': 'application/json',
119 verbose headers   'cache-control': 'max-age=300',
119 verbose headers   'content-length': '102533',
119 verbose headers   'accept-ranges': 'bytes',
119 verbose headers   date: 'Fri, 11 Mar 2016 21:33:40 GMT',
119 verbose headers   via: '1.1 varnish',
119 verbose headers   age: '53',
119 verbose headers   connection: 'keep-alive',
119 verbose headers   'x-served-by': 'cache-dfw1841-DFW',
119 verbose headers   'x-cache': 'HIT',
119 verbose headers   'x-cache-hits': '1',
119 verbose headers   'x-timer': 'S1457732020.509613,VS0,VE0',
119 verbose headers   vary: 'Accept' }
120 silly get cb [ 200,
120 silly get   { server: 'CouchDB/1.5.0 (Erlang OTP/R16B03)',
120 silly get     etag: '"9GNMF0K57Y4H80QS1L4U9QND9"',
120 silly get     'content-type': 'application/json',
120 silly get     'cache-control': 'max-age=300',
120 silly get     'content-length': '102533',
120 silly get     'accept-ranges': 'bytes',
120 silly get     date: 'Fri, 11 Mar 2016 21:33:40 GMT',
120 silly get     via: '1.1 varnish',
120 silly get     age: '53',
120 silly get     connection: 'keep-alive',
120 silly get     'x-served-by': 'cache-dfw1841-DFW',
120 silly get     'x-cache': 'HIT',
120 silly get     'x-cache-hits': '1',
120 silly get     'x-timer': 'S1457732020.509613,VS0,VE0',
120 silly get     vary: 'Accept' } ]
121 verbose get saving nan to C:\Users\meets\AppData\Roaming\npm-cache\registry.npmjs.org\nan\.cache.json
122 silly resolveWithNewModule nan@2.0.5 checking installable status
123 silly cache add args [ 'nan@2.0.5', null ]
124 verbose cache add spec nan@2.0.5
125 silly cache add parsed spec Result {
125 silly cache add   raw: 'nan@2.0.5',
125 silly cache add   scope: null,
125 silly cache add   name: 'nan',
125 silly cache add   rawSpec: '2.0.5',
125 silly cache add   spec: '2.0.5',
125 silly cache add   type: 'version' }
126 silly addNamed nan@2.0.5
127 verbose addNamed "2.0.5" is a plain semver version for nan
128 silly mapToRegistry name nan
129 silly mapToRegistry using default registry
130 silly mapToRegistry registry https://registry.npmjs.org/
131 silly mapToRegistry uri https://registry.npmjs.org/nan
132 verbose addNameVersion registry:https://registry.npmjs.org/nan not in flight; fetching
133 verbose get https://registry.npmjs.org/nan not expired, no request
134 silly mapToRegistry name nan
135 silly mapToRegistry using default registry
136 silly mapToRegistry registry https://registry.npmjs.org/
137 silly mapToRegistry uri https://registry.npmjs.org/nan
138 verbose addRemoteTarball https://registry.npmjs.org/nan/-/nan-2.0.5.tgz not in flight; adding
139 verbose addRemoteTarball [ 'https://registry.npmjs.org/nan/-/nan-2.0.5.tgz',
139 verbose addRemoteTarball   '365888014be1fd178db0cbfa258edf7b0cb1c408' ]
140 info retry fetch attempt 1 at 3:33:42 PM
141 info attempt registry request try #1 at 3:33:42 PM
142 http fetch GET https://registry.npmjs.org/nan/-/nan-2.0.5.tgz
143 http fetch 200 https://registry.npmjs.org/nan/-/nan-2.0.5.tgz
144 silly fetchAndShaCheck shasum 365888014be1fd178db0cbfa258edf7b0cb1c408
145 verbose addTmpTarball C:\Users\meets\AppData\Local\Temp\npm-8968-a39423a9\registry.npmjs.org\nan\-\nan-2.0.5.tgz not in flight; adding
146 verbose addTmpTarball already have metadata; skipping unpack for nan@2.0.5
147 silly cache afterAdd nan@2.0.5
148 verbose afterAdd C:\Users\meets\AppData\Roaming\npm-cache\nan\2.0.5\package\package.json not in flight; writing
149 verbose afterAdd C:\Users\meets\AppData\Roaming\npm-cache\nan\2.0.5\package\package.json written
150 silly loadAllDepsIntoIdealTree Finishing
151 silly idealTree:prePrune npm
151 silly idealTree:prePrune └─┬ bcrypt@0.8.5
151 silly idealTree:prePrune   ├── bindings@1.2.1
151 silly idealTree:prePrune   └── nan@2.0.5
152 silly loadIdealTree Finishing
153 silly currentTree npm
154 silly idealTree npm
154 silly idealTree └─┬ bcrypt@0.8.5
154 silly idealTree   ├── bindings@1.2.1
154 silly idealTree   └── nan@2.0.5
155 silly generateActionsToTake Starting
156 silly install generateActionsToTake
157 silly generateActionsToTake Finishing
158 silly diffTrees action count 3
159 silly diffTrees add bindings@1.2.1
160 silly diffTrees add nan@2.0.5
161 silly diffTrees add bcrypt@0.8.5
162 silly decomposeActions action count 24
163 silly decomposeActions fetch bindings@1.2.1
164 silly decomposeActions extract bindings@1.2.1
165 silly decomposeActions preinstall bindings@1.2.1
166 silly decomposeActions build bindings@1.2.1
167 silly decomposeActions install bindings@1.2.1
168 silly decomposeActions postinstall bindings@1.2.1
169 silly decomposeActions test bindings@1.2.1
170 silly decomposeActions finalize bindings@1.2.1
171 silly decomposeActions fetch nan@2.0.5
172 silly decomposeActions extract nan@2.0.5
173 silly decomposeActions preinstall nan@2.0.5
174 silly decomposeActions build nan@2.0.5
175 silly decomposeActions install nan@2.0.5
176 silly decomposeActions postinstall nan@2.0.5
177 silly decomposeActions test nan@2.0.5
178 silly decomposeActions finalize nan@2.0.5
179 silly decomposeActions fetch bcrypt@0.8.5
180 silly decomposeActions extract bcrypt@0.8.5
181 silly decomposeActions preinstall bcrypt@0.8.5
182 silly decomposeActions build bcrypt@0.8.5
183 silly decomposeActions install bcrypt@0.8.5
184 silly decomposeActions postinstall bcrypt@0.8.5
185 silly decomposeActions test bcrypt@0.8.5
186 silly decomposeActions finalize bcrypt@0.8.5
187 silly executeActions Starting
188 silly install executeActions
189 silly doSerial global-install 0
190 silly doParallel fetch 3
191 verbose lock using C:\Users\meets\AppData\Roaming\npm-cache\_locks\staging-cddac049bb3b8db9.lock for C:\Users\meets\AppData\Roaming\npm\node_modules\.staging
192 silly doParallel extract 3
193 silly extract bindings@1.2.1
194 silly extract nan@2.0.5
195 silly extract bcrypt@0.8.5
196 verbose unbuild node_modules\.staging\bindings-06f7d4aae7721a8555aadaf2588b7430
197 verbose unbuild node_modules\.staging\nan-036af91557fb61d99a5396e6164d0b1a
198 verbose unbuild node_modules\.staging\bcrypt-d079aa588aa10451a2590edc6f56b80f
199 silly gentlyRm C:\Users\meets\AppData\Roaming\npm\node_modules\.staging\bindings-06f7d4aae7721a8555aadaf2588b7430 is being purged from base C:\Users\meets\AppData\Roaming\npm
200 silly gentlyRm C:\Users\meets\AppData\Roaming\npm\node_modules\.staging\nan-036af91557fb61d99a5396e6164d0b1a is being purged from base C:\Users\meets\AppData\Roaming\npm
201 silly gentlyRm C:\Users\meets\AppData\Roaming\npm\node_modules\.staging\bcrypt-d079aa588aa10451a2590edc6f56b80f is being purged from base C:\Users\meets\AppData\Roaming\npm
202 verbose gentlyRm don't care about contents; nuking C:\Users\meets\AppData\Roaming\npm\node_modules\.staging\bindings-06f7d4aae7721a8555aadaf2588b7430
203 verbose gentlyRm don't care about contents; nuking C:\Users\meets\AppData\Roaming\npm\node_modules\.staging\nan-036af91557fb61d99a5396e6164d0b1a
204 verbose gentlyRm don't care about contents; nuking C:\Users\meets\AppData\Roaming\npm\node_modules\.staging\bcrypt-d079aa588aa10451a2590edc6f56b80f
205 verbose tar unpack C:\Users\meets\AppData\Roaming\npm-cache\bindings\1.2.1\package.tgz
206 verbose tar unpacking to C:\Users\meets\AppData\Roaming\npm\node_modules\.staging\bindings-06f7d4aae7721a8555aadaf2588b7430
207 silly gentlyRm C:\Users\meets\AppData\Roaming\npm\node_modules\.staging\bindings-06f7d4aae7721a8555aadaf2588b7430 is being purged
208 verbose tar unpack C:\Users\meets\AppData\Roaming\npm-cache\nan\2.0.5\package.tgz
209 verbose tar unpacking to C:\Users\meets\AppData\Roaming\npm\node_modules\.staging\nan-036af91557fb61d99a5396e6164d0b1a
210 silly gentlyRm C:\Users\meets\AppData\Roaming\npm\node_modules\.staging\nan-036af91557fb61d99a5396e6164d0b1a is being purged
211 verbose tar unpack C:\Users\meets\AppData\Roaming\npm-cache\bcrypt\0.8.5\package.tgz
212 verbose tar unpacking to C:\Users\meets\AppData\Roaming\npm\node_modules\.staging\bcrypt-d079aa588aa10451a2590edc6f56b80f
213 silly gentlyRm C:\Users\meets\AppData\Roaming\npm\node_modules\.staging\bcrypt-d079aa588aa10451a2590edc6f56b80f is being purged
214 verbose gentlyRm don't care about contents; nuking C:\Users\meets\AppData\Roaming\npm\node_modules\.staging\bindings-06f7d4aae7721a8555aadaf2588b7430
215 verbose gentlyRm don't care about contents; nuking C:\Users\meets\AppData\Roaming\npm\node_modules\.staging\nan-036af91557fb61d99a5396e6164d0b1a
216 verbose gentlyRm don't care about contents; nuking C:\Users\meets\AppData\Roaming\npm\node_modules\.staging\bcrypt-d079aa588aa10451a2590edc6f56b80f
217 silly gunzTarPerm modes [ '777', '666' ]
218 silly gunzTarPerm modes [ '777', '666' ]
219 silly gunzTarPerm modes [ '777', '666' ]
220 silly gunzTarPerm extractEntry package.json
221 silly gunzTarPerm modified mode [ 'package.json', 420, 438 ]
222 silly gunzTarPerm extractEntry package.json
223 silly gunzTarPerm modified mode [ 'package.json', 436, 438 ]
224 silly gunzTarPerm extractEntry package.json
225 silly gunzTarPerm modified mode [ 'package.json', 420, 438 ]
226 silly gunzTarPerm extractEntry README.md
227 silly gunzTarPerm modified mode [ 'README.md', 420, 438 ]
228 silly gunzTarPerm extractEntry bindings.js
229 silly gunzTarPerm modified mode [ 'bindings.js', 420, 438 ]
230 silly gunzTarPerm extractEntry README.md
231 silly gunzTarPerm modified mode [ 'README.md', 436, 438 ]
232 silly gunzTarPerm extractEntry .npmignore
233 silly gunzTarPerm modified mode [ '.npmignore', 420, 438 ]
234 silly gunzTarPerm extractEntry README.md
235 silly gunzTarPerm modified mode [ 'README.md', 420, 438 ]
236 silly gunzTarPerm extractEntry include_dirs.js
237 silly gunzTarPerm modified mode [ 'include_dirs.js', 436, 438 ]
238 silly gunzTarPerm extractEntry LICENSE
239 silly gunzTarPerm modified mode [ 'LICENSE', 420, 438 ]
240 silly gunzTarPerm extractEntry bcrypt.js
241 silly gunzTarPerm modified mode [ 'bcrypt.js', 420, 438 ]
242 silly gunzTarPerm extractEntry nan_converters.h
243 silly gunzTarPerm modified mode [ 'nan_converters.h', 436, 438 ]
244 silly gunzTarPerm extractEntry LICENSE.md
245 silly gunzTarPerm modified mode [ 'LICENSE.md', 436, 438 ]
246 silly gunzTarPerm extractEntry .dntrc
247 silly gunzTarPerm modified mode [ '.dntrc', 436, 438 ]
248 silly gunzTarPerm extractEntry appveyor.yml
249 silly gunzTarPerm modified mode [ 'appveyor.yml', 436, 438 ]
250 silly gunzTarPerm extractEntry binding.gyp
251 silly gunzTarPerm modified mode [ 'binding.gyp', 420, 438 ]
252 silly gunzTarPerm extractEntry doc/new.md
253 silly gunzTarPerm modified mode [ 'doc/new.md', 436, 438 ]
254 silly gunzTarPerm extractEntry doc/.build.sh
255 silly gunzTarPerm modified mode [ 'doc/.build.sh', 509, 511 ]
256 silly gunzTarPerm extractEntry .travis.yml
257 silly gunzTarPerm modified mode [ '.travis.yml', 420, 438 ]
258 silly gunzTarPerm extractEntry CHANGELOG.md
259 silly gunzTarPerm modified mode [ 'CHANGELOG.md', 420, 438 ]
260 silly gunzTarPerm extractEntry doc/buffers.md
261 silly gunzTarPerm modified mode [ 'doc/buffers.md', 436, 438 ]
262 silly gunzTarPerm extractEntry doc/callback.md
263 silly gunzTarPerm modified mode [ 'doc/callback.md', 436, 438 ]
264 silly gunzTarPerm extractEntry examples/async_compare.js
265 silly gunzTarPerm modified mode [ 'examples/async_compare.js', 420, 438 ]
266 silly gunzTarPerm extractEntry examples/forever_gen_salt.js
267 silly gunzTarPerm modified mode [ 'examples/forever_gen_salt.js', 420, 438 ]
268 silly gunzTarPerm extractEntry doc/converters.md
269 silly gunzTarPerm modified mode [ 'doc/converters.md', 436, 438 ]
270 silly gunzTarPerm extractEntry doc/errors.md
271 silly gunzTarPerm modified mode [ 'doc/errors.md', 436, 438 ]
272 silly gunzTarPerm extractEntry test/async.js
273 silly gunzTarPerm modified mode [ 'test/async.js', 420, 438 ]
274 silly gunzTarPerm extractEntry test/repetitions.js
275 silly gunzTarPerm modified mode [ 'test/repetitions.js', 420, 438 ]
276 silly gunzTarPerm extractEntry doc/maybe_types.md
277 silly gunzTarPerm modified mode [ 'doc/maybe_types.md', 436, 438 ]
278 silly gunzTarPerm extractEntry doc/methods.md
279 silly gunzTarPerm modified mode [ 'doc/methods.md', 436, 438 ]
280 silly gunzTarPerm extractEntry test/sync.js
281 silly gunzTarPerm modified mode [ 'test/sync.js', 420, 438 ]
282 silly gunzTarPerm extractEntry Makefile
283 silly gunzTarPerm modified mode [ 'Makefile', 420, 438 ]
284 silly gunzTarPerm extractEntry doc/asyncworker.md
285 silly gunzTarPerm modified mode [ 'doc/asyncworker.md', 436, 438 ]
286 silly gunzTarPerm extractEntry doc/node_misc.md
287 silly gunzTarPerm modified mode [ 'doc/node_misc.md', 436, 438 ]
288 silly gunzTarPerm extractEntry src/bcrypt.cc
289 silly gunzTarPerm modified mode [ 'src/bcrypt.cc', 420, 438 ]
290 silly gunzTarPerm extractEntry src/bcrypt_node.cc
291 silly gunzTarPerm modified mode [ 'src/bcrypt_node.cc', 420, 438 ]
292 silly gunzTarPerm extractEntry doc/persistent.md
293 silly gunzTarPerm modified mode [ 'doc/persistent.md', 436, 438 ]
294 silly gunzTarPerm extractEntry doc/scopes.md
295 silly gunzTarPerm modified mode [ 'doc/scopes.md', 436, 438 ]
296 silly gunzTarPerm extractEntry src/blowfish.cc
297 silly gunzTarPerm modified mode [ 'src/blowfish.cc', 420, 438 ]
298 silly gunzTarPerm extractEntry src/node_blf.h
299 silly gunzTarPerm modified mode [ 'src/node_blf.h', 420, 438 ]
300 silly gunzTarPerm extractEntry doc/script.md
301 silly gunzTarPerm modified mode [ 'doc/script.md', 436, 438 ]
302 silly gunzTarPerm extractEntry doc/string_bytes.md
303 silly gunzTarPerm modified mode [ 'doc/string_bytes.md', 436, 438 ]
304 silly gunzTarPerm extractEntry werker.yml
305 silly gunzTarPerm modified mode [ 'werker.yml', 420, 438 ]
306 silly gunzTarPerm extractEntry doc/v8_internals.md
307 silly gunzTarPerm modified mode [ 'doc/v8_internals.md', 436, 438 ]
308 silly gunzTarPerm extractEntry doc/v8_misc.md
309 silly gunzTarPerm modified mode [ 'doc/v8_misc.md', 436, 438 ]
310 silly gunzTarPerm extractEntry nan.h
311 silly gunzTarPerm modified mode [ 'nan.h', 436, 438 ]
312 silly gunzTarPerm extractEntry nan_callbacks.h
313 silly gunzTarPerm modified mode [ 'nan_callbacks.h', 436, 438 ]
314 silly gunzTarPerm extractEntry nan_callbacks_12_inl.h
315 silly gunzTarPerm modified mode [ 'nan_callbacks_12_inl.h', 436, 438 ]
316 silly gunzTarPerm extractEntry nan_callbacks_pre_12_inl.h
317 silly gunzTarPerm modified mode [ 'nan_callbacks_pre_12_inl.h', 436, 438 ]
318 silly gunzTarPerm extractEntry nan_converters_43_inl.h
319 silly gunzTarPerm modified mode [ 'nan_converters_43_inl.h', 436, 438 ]
320 silly gunzTarPerm extractEntry nan_converters_pre_43_inl.h
321 silly gunzTarPerm modified mode [ 'nan_converters_pre_43_inl.h', 436, 438 ]
322 silly gunzTarPerm extractEntry nan_implementation_12_inl.h
323 silly gunzTarPerm modified mode [ 'nan_implementation_12_inl.h', 436, 438 ]
324 silly gunzTarPerm extractEntry nan_implementation_pre_12_inl.h
325 silly gunzTarPerm modified mode [ 'nan_implementation_pre_12_inl.h', 436, 438 ]
326 silly gunzTarPerm extractEntry nan_maybe_43_inl.h
327 silly gunzTarPerm modified mode [ 'nan_maybe_43_inl.h', 436, 438 ]
328 silly gunzTarPerm extractEntry nan_maybe_pre_43_inl.h
329 silly gunzTarPerm modified mode [ 'nan_maybe_pre_43_inl.h', 436, 438 ]
330 silly gunzTarPerm extractEntry nan_new.h
331 silly gunzTarPerm modified mode [ 'nan_new.h', 436, 438 ]
332 silly gunzTarPerm extractEntry nan_object_wrap.h
333 silly gunzTarPerm modified mode [ 'nan_object_wrap.h', 436, 438 ]
334 silly gunzTarPerm extractEntry nan_persistent_12_inl.h
335 silly gunzTarPerm modified mode [ 'nan_persistent_12_inl.h', 436, 438 ]
336 silly gunzTarPerm extractEntry nan_persistent_pre_12_inl.h
337 silly gunzTarPerm modified mode [ 'nan_persistent_pre_12_inl.h', 436, 438 ]
338 silly gunzTarPerm extractEntry nan_string_bytes.h
339 silly gunzTarPerm modified mode [ 'nan_string_bytes.h', 436, 438 ]
340 silly gunzTarPerm extractEntry nan_weak.h
341 silly gunzTarPerm modified mode [ 'nan_weak.h', 436, 438 ]
342 silly gunzTarPerm extractEntry CHANGELOG.md
343 silly gunzTarPerm modified mode [ 'CHANGELOG.md', 436, 438 ]
344 silly gunzTarPerm extractEntry tools/package.json
345 silly gunzTarPerm modified mode [ 'tools/package.json', 436, 438 ]
346 silly gunzTarPerm extractEntry tools/README.md
347 silly gunzTarPerm modified mode [ 'tools/README.md', 436, 438 ]
348 silly gunzTarPerm extractEntry tools/1to2.js
349 silly gunzTarPerm modified mode [ 'tools/1to2.js', 509, 511 ]
350 silly doParallel preinstall 3
351 silly preinstall bindings@1.2.1 C:\Users\meets\AppData\Roaming\npm\node_modules\.staging\bindings-06f7d4aae7721a8555aadaf2588b7430
352 info lifecycle bindings@1.2.1~preinstall: bindings@1.2.1
353 silly preinstall nan@2.0.5 C:\Users\meets\AppData\Roaming\npm\node_modules\.staging\nan-036af91557fb61d99a5396e6164d0b1a
354 info lifecycle nan@2.0.5~preinstall: nan@2.0.5
355 silly preinstall bcrypt@0.8.5 C:\Users\meets\AppData\Roaming\npm\node_modules\.staging\bcrypt-d079aa588aa10451a2590edc6f56b80f
356 info lifecycle bcrypt@0.8.5~preinstall: bcrypt@0.8.5
357 silly lifecycle bindings@1.2.1~preinstall: no script for preinstall, continuing
358 silly lifecycle nan@2.0.5~preinstall: no script for preinstall, continuing
359 silly lifecycle bcrypt@0.8.5~preinstall: no script for preinstall, continuing
360 silly doReverseSerial remove 0
361 silly doSerial move 0
362 silly doSerial finalize 3
363 silly finalize C:\Users\meets\AppData\Roaming\npm\node_modules\bcrypt\node_modules\bindings
364 silly finalize C:\Users\meets\AppData\Roaming\npm\node_modules\bcrypt\node_modules\nan
365 silly finalize C:\Users\meets\AppData\Roaming\npm\node_modules\bcrypt
366 silly doSerial build 3
367 silly build bindings@1.2.1
368 info linkStuff bindings@1.2.1
369 silly linkStuff bindings@1.2.1 has C:\Users\meets\AppData\Roaming\npm\node_modules\bcrypt\node_modules as its parent node_modules
370 silly linkStuff bindings@1.2.1 is part of a global install
371 silly linkStuff bindings@1.2.1 is installed into a global node_modules
372 verbose linkBins bindings@1.2.1
373 verbose linkMans bindings@1.2.1
374 silly build nan@2.0.5
375 info linkStuff nan@2.0.5
376 silly linkStuff nan@2.0.5 has C:\Users\meets\AppData\Roaming\npm\node_modules\bcrypt\node_modules as its parent node_modules
377 silly linkStuff nan@2.0.5 is part of a global install
378 silly linkStuff nan@2.0.5 is installed into a global node_modules
379 verbose linkBins nan@2.0.5
380 verbose linkMans nan@2.0.5
381 silly build bcrypt@0.8.5
382 info linkStuff bcrypt@0.8.5
383 silly linkStuff bcrypt@0.8.5 has C:\Users\meets\AppData\Roaming\npm\node_modules as its parent node_modules
384 silly linkStuff bcrypt@0.8.5 is part of a global install
385 silly linkStuff bcrypt@0.8.5 is installed into a global node_modules
386 silly linkStuff bcrypt@0.8.5 is installed into the top-level global node_modules
387 verbose linkBins bcrypt@0.8.5
388 verbose linkMans bcrypt@0.8.5
389 silly doSerial global-link 0
390 silly doParallel update-linked 0
391 silly doSerial install 3
392 silly install bindings@1.2.1 C:\Users\meets\AppData\Roaming\npm\node_modules\.staging\bindings-06f7d4aae7721a8555aadaf2588b7430
393 info lifecycle bindings@1.2.1~install: bindings@1.2.1
394 silly lifecycle bindings@1.2.1~install: no script for install, continuing
395 silly install nan@2.0.5 C:\Users\meets\AppData\Roaming\npm\node_modules\.staging\nan-036af91557fb61d99a5396e6164d0b1a
396 info lifecycle nan@2.0.5~install: nan@2.0.5
397 silly lifecycle nan@2.0.5~install: no script for install, continuing
398 silly install bcrypt@0.8.5 C:\Users\meets\AppData\Roaming\npm\node_modules\.staging\bcrypt-d079aa588aa10451a2590edc6f56b80f
399 info lifecycle bcrypt@0.8.5~install: bcrypt@0.8.5
400 verbose lifecycle bcrypt@0.8.5~install: unsafe-perm in lifecycle true
401 verbose lifecycle bcrypt@0.8.5~install: PATH: C:\Program Files\nodejs\node_modules\npm\bin\node-gyp-bin;C:\Users\meets\AppData\Roaming\npm\node_modules\bcrypt\node_modules\.bin;C:\Users\meets\AppData\Roaming\npm\node_modules\.bin;C:\ProgramData\Oracle\Java\javapath;C:\Python27\;C:\Python27\Scripts;C:\Windows\system32;C:\Windows;C:\Windows\System32\Wbem;C:\Windows\System32\WindowsPowerShell\v1.0\;C:\Program Files (x86)\AMD\ATI.ACE\Core-Static;C:\Program Files (x86)\Skype\Phone\;C:\apache-maven-3.3.9\bin;C:\Program Files (x86)\scala\bin;C:\hadoop-2.6.2\bin;C:\emacs-24.5\bin;C:\Program Files\nodejs\;C:\Git\bin;C:\Program Files\Java\jdk1.8.0_66\bin;C:\openssl-0.9.8k_X64\bin;C:\Program Files (x86)\Brackets\command;C:\Development\android-sdk\platform-tools;C:\Development\android-sdk\tools;C:\Program Files\MongoDB\Server\3.2\bin;C:\Users\meets\Anaconda2;C:\Users\meets\Anaconda2\Scripts;C:\Users\meets\Anaconda2\Library\bin;C:\Users\meets\AppData\Roaming\npm;C:\Program Files (x86)\Microsoft VS Code\bin
402 verbose lifecycle bcrypt@0.8.5~install: CWD: C:\Users\meets\AppData\Roaming\npm\node_modules\bcrypt
403 silly lifecycle bcrypt@0.8.5~install: Args: [ '/d /s /c', 'node-gyp rebuild' ]
404 silly lifecycle bcrypt@0.8.5~install: Returned: code: 1  signal: null
405 info lifecycle bcrypt@0.8.5~install: Failed to exec install script
406 verbose unlock done using C:\Users\meets\AppData\Roaming\npm-cache\_locks\staging-cddac049bb3b8db9.lock for C:\Users\meets\AppData\Roaming\npm\node_modules\.staging
407 silly rollbackFailedOptional Starting
408 silly rollbackFailedOptional Finishing
409 silly runTopLevelLifecycles Starting
410 silly runTopLevelLifecycles Finishing
411 silly install printInstalled
412 verbose stack Error: bcrypt@0.8.5 install: `node-gyp rebuild`
412 verbose stack Exit status 1
412 verbose stack     at EventEmitter.<anonymous> (C:\Program Files\nodejs\node_modules\npm\lib\utils\lifecycle.js:232:16)
412 verbose stack     at emitTwo (events.js:100:13)
412 verbose stack     at EventEmitter.emit (events.js:185:7)
412 verbose stack     at ChildProcess.<anonymous> (C:\Program Files\nodejs\node_modules\npm\lib\utils\spawn.js:24:14)
412 verbose stack     at emitTwo (events.js:100:13)
412 verbose stack     at ChildProcess.emit (events.js:185:7)
412 verbose stack     at maybeClose (internal/child_process.js:821:16)
412 verbose stack     at Process.ChildProcess._handle.onexit (internal/child_process.js:211:5)
413 verbose pkgid bcrypt@0.8.5
414 verbose cwd K:\UMKC\Docs\Subjects\5551_ASE\Project\ASE_S16_G7\SourceCode\StudentCompanion
415 error Windows_NT 10.0.10586
416 error argv "C:\\Program Files\\nodejs\\node.exe" "C:\\Program Files\\nodejs\\node_modules\\npm\\bin\\npm-cli.js" "install" "-g" "bcrypt"
417 error node v5.5.0
418 error npm  v3.3.12
419 error code ELIFECYCLE
420 error bcrypt@0.8.5 install: `node-gyp rebuild`
420 error Exit status 1
421 error Failed at the bcrypt@0.8.5 install script 'node-gyp rebuild'.
421 error Make sure you have the latest version of node.js and npm installed.
421 error If you do, this is most likely a problem with the bcrypt package,
421 error not with npm itself.
421 error Tell the author that this fails on your system:
421 error     node-gyp rebuild
421 error You can get their info via:
421 error     npm owner ls bcrypt
421 error There is likely additional logging output above.
422 verbose exit [ 1, true ]
